Arguments: 
  /usr/bin/node /usr/bin/yarn add fast-xml-parse

PATH: 
  /home/adil/groovy-3.0.6/bin:/var/lib/snapd/snap/bin:/home/adil/Android/Sdk/cmdline-tools/tools/bin:/home/adil/.local/bin:/home/adil/bin:/usr/local/bin:/home/adil/.config/yarn/global/node_modules/.bin:/home/adil/.config/composer/vendor/bin:/home/adil/groovy-3.0.6/bin:/var/lib/snapd/snap/bin:/home/adil/Android/Sdk/cmdline-tools/tools/bin:/home/adil/.local/bin:/home/adil/bin:/usr/local/bin:/home/adil/.config/yarn/global/node_modules/.bin:/home/adil/.config/composer/vendor/bin:/home/adil/.local/bin:/home/adil/.local/bin:/usr/local/bin:/usr/local/sbin:/usr/bin:/var/lib/flatpak/exports/bin:/opt/flutter/bin:/usr/lib/jvm/default/bin:/usr/bin/site_perl:/usr/bin/vendor_perl:/usr/bin/core_perl:/var/lib/snapd/snap/bin:/var/lib/flatpak/exports/bin:/opt/flutter/bin:/usr/lib/jvm/default/bin:/home/adil/.fzf/bin

Yarn version: 
  1.22.10

Node version: 
  15.0.1

Platform: 
  linux x64

Trace: 
  Error: https://registry.yarnpkg.com/fast-xml-parse: Not found
      at Request.params.callback [as _callback] (/usr/lib/node_modules/yarn/lib/cli.js:66988:18)
      at Request.self.callback (/usr/lib/node_modules/yarn/lib/cli.js:140749:22)
      at Request.emit (node:events:327:20)
      at Request.<anonymous> (/usr/lib/node_modules/yarn/lib/cli.js:141721:10)
      at Request.emit (node:events:327:20)
      at IncomingMessage.<anonymous> (/usr/lib/node_modules/yarn/lib/cli.js:141643:12)
      at Object.onceWrapper (node:events:433:28)
      at IncomingMessage.emit (node:events:339:22)
      at endReadableNT (node:internal/streams/readable:1289:12)
      at processTicksAndRejections (node:internal/process/task_queues:80:21)

npm manifest: 
  {
      "name": "jiq",
      "version": "0.0.4",
      "description": "Use existing javascript knowledge to query or mutate data",
      "keywords": [
          "javascript inline query",
          "json query",
          "json inline query",
          "json",
          "yaml",
          "query"
      ],
      "main": "build/index.js",
      "author": {
          "name": "Adil",
          "email": "adil.sudo@gmail.com",
          "url": "https://md-adil.github.io"
      },
      "homepage": "https://md-adil.github.io/jiq/",
      "repository": {
          "url": "https://github.com/md-adil/jiq",
          "type": "git"
      },
      "license": "MIT",
      "scripts": {
          "watch": "tsc -w",
          "build": "tsc",
          "start": "node ./build"
      },
      "devDependencies": {
          "@types/lodash": "^4.14.165",
          "@types/node": "^14.14.6"
      },
      "dependencies": {
          "commander": "^6.2.0",
          "csv-parse": "^4.14.0",
          "csv-stringify": "^5.5.1",
          "lodash": "^4.17.20",
          "yaml": "^1.10.0"
      },
      "bin": "./build/index.js"
  }

yarn manifest: 
  No manifest

Lockfile: 
  # THIS IS AN AUTOGENERATED FILE. DO NOT EDIT THIS FILE DIRECTLY.
  # yarn lockfile v1
  
  
  "@types/lodash@^4.14.165":
    version "4.14.165"
    resolved "https://registry.yarnpkg.com/@types/lodash/-/lodash-4.14.165.tgz#74d55d947452e2de0742bad65270433b63a8c30f"
    integrity sha512-tjSSOTHhI5mCHTy/OOXYIhi2Wt1qcbHmuXD1Ha7q70CgI/I71afO4XtLb/cVexki1oVYchpul/TOuu3Arcdxrg==
  
  "@types/node@^14.14.6":
    version "14.14.6"
    resolved "https://registry.yarnpkg.com/@types/node/-/node-14.14.6.tgz#146d3da57b3c636cc0d1769396ce1cfa8991147f"
    integrity sha512-6QlRuqsQ/Ox/aJEQWBEJG7A9+u7oSYl3mem/K8IzxXG/kAGbV1YPD9Bg9Zw3vyxC/YP+zONKwy8hGkSt1jxFMw==
  
  commander@^6.2.0:
    version "6.2.0"
    resolved "https://registry.yarnpkg.com/commander/-/commander-6.2.0.tgz#b990bfb8ac030aedc6d11bc04d1488ffef56db75"
    integrity sha512-zP4jEKbe8SHzKJYQmq8Y9gYjtO/POJLgIdKgV7B9qNmABVFVc+ctqSX6iXh4mCpJfRBOabiZ2YKPg8ciDw6C+Q==
  
  csv-parse@^4.14.0:
    version "4.14.0"
    resolved "https://registry.yarnpkg.com/csv-parse/-/csv-parse-4.14.0.tgz#5e1f62234a9790de49e8322df823187f8d500d26"
    integrity sha512-Mh6JEKAD4/scRM7jbQ5FbhuHbAVp+FN27S6PMF5ILuR7ofclfR0Fj6YmutFMXVgaNk/4GTy9bkmV8SMzwsv45Q==
  
  csv-stringify@^5.5.1:
    version "5.5.1"
    resolved "https://registry.yarnpkg.com/csv-stringify/-/csv-stringify-5.5.1.tgz#f42cdd379b0f7f142933a11f674b1a91ebd0fcd0"
    integrity sha512-HM0/86Ks8OwFbaYLd495tqTs1NhscZL52dC4ieKYumy8+nawQYC0xZ63w1NqLf0M148T2YLYqowoImc1giPn0g==
  
  lodash@^4.17.20:
    version "4.17.20"
    resolved "https://registry.yarnpkg.com/lodash/-/lodash-4.17.20.tgz#b44a9b6297bcb698f1c51a3545a2b3b368d59c52"
    integrity sha512-PlhdFcillOINfeV7Ni6oF1TAEayyZBoZ8bcshTHqOYJYlrqzRK5hagpagky5o4HfCzzd1TRkXPMFq6cKk9rGmA==
  
  yaml@^1.10.0:
    version "1.10.0"
    resolved "https://registry.yarnpkg.com/yaml/-/yaml-1.10.0.tgz#3b593add944876077d4d683fee01081bd9fff31e"
    integrity sha512-yr2icI4glYaNG+KWONODapy2/jDdMSDnrONSjblABjD9B4Z5LgiircSt8m8sRZFNi08kG9Sm0uSHtEmP3zaEGg==
